2021-12-10 18:45:31,198 :: ERROR :: Requete incorrecte.
	Requete: {'action': 'get_data', 'authentication': {'password': 'hobolink', 'token': 'ebf2c17beabc692f6bf4192ed64c3f32f0358f68', 'user': 'marega77'}, 'query': {'end_date_time': '2019-01-13 20:00:00', 'loggers': [20864823, 20851273, 20744246, 20864822, 20851268, 20864820, 20744236, 20851271, 20744241, 20744243], 'start_date_time': '2019-01-13 14:00:00'}}

2021-12-10 18:45:32,011 :: ERROR :: Requete incorrecte.
	Requete: {'action': 'get_data', 'authentication': {'password': 'hobolink', 'token': 'ebf2c17beabc692f6bf4192ed64c3f32f0358f68', 'user': 'marega77'}, 'query': {'end_date_time': '2019-01-13 20:00:00', 'loggers': [20910466, 20864818, 20851267, 20864819, 20864824, 20864821, 20910481, 20910468, 20744244, 20842552], 'start_date_time': '2019-01-13 14:00:00'}}

2021-12-10 18:45:32,823 :: ERROR :: Requete incorrecte.
	Requete: {'action': 'get_data', 'authentication': {'password': 'hobolink', 'token': 'ebf2c17beabc692f6bf4192ed64c3f32f0358f68', 'user': 'marega77'}, 'query': {'end_date_time': '2019-01-13 20:00:00', 'loggers': [20744235, 20744232, 20744233, 20851274, 20851269, 20864815, 20910470, 20851272, 20910480, 20744237], 'start_date_time': '2019-01-13 14:00:00'}}

2021-12-10 18:45:33,646 :: ERROR :: Requete incorrecte.
	Requete: {'action': 'get_data', 'authentication': {'password': 'hobolink', 'token': 'ebf2c17beabc692f6bf4192ed64c3f32f0358f68', 'user': 'marega77'}, 'query': {'end_date_time': '2019-01-13 20:00:00', 'loggers': [20851270, 20910467, 20744240, 20851275, 20851266, 20910482, 20744245, 20744239, 20744242, 20744247], 'start_date_time': '2019-01-13 14:00:00'}}

2021-12-10 18:45:34,618 :: ERROR :: Requete incorrecte.
	Requete: {'action': 'get_data', 'authentication': {'password': 'hobolink', 'token': 'ebf2c17beabc692f6bf4192ed64c3f32f0358f68', 'user': 'marega77'}, 'query': {'end_date_time': '2019-01-13 20:00:00', 'loggers': [20842545, 20864825, 20842551, 20842549, 20842550, 20842543, 20842546, 20842548, 20864817, 20842544], 'start_date_time': '2019-01-13 14:00:00'}}

2021-12-10 18:45:35,683 :: ERROR :: Requete incorrecte.
	Requete: {'action': 'get_data', 'authentication': {'password': 'hobolink', 'token': 'ebf2c17beabc692f6bf4192ed64c3f32f0358f68', 'user': 'marega77'}, 'query': {'end_date_time': '2019-01-13 20:00:00', 'loggers': [20842547, 20864816], 'start_date_time': '2019-01-13 14:00:00'}}

2021-12-15 14:18:33,166 :: ERROR :: Requete incorrecte.
	Requete: {'action': 'get_data', 'authentication': {'password': 'hobolink', 'token': 'ebf2c17beabc692f6bf4192ed64c3f32f0358f68', 'user': 'marega77'}, 'query': 'MUSTARD_OPER'}

2021-12-15 14:24:45,512 :: ERROR :: Requete incorrecte.
	Requete: {'authentication': {'password': 'hobolink', 'token': 'ebf2c17beabc692f6bf4192ed64c3f32f0358f68', 'user': 'marega77'}, 'query': 'MUSTARD_OPER'}

2021-12-15 14:29:25,643 :: ERROR :: Requete incorrecte.
	Requete: {'authentication': {'password': 'hobolink', 'token': 'ebf2c17beabc692f6bf4192ed64c3f32f0358f68', 'user': 'marega77'}, 'query': 'MUSTARD_OPER'}

2021-12-15 15:17:34,527 :: ERROR :: Requete incorrecte.
	Requete: {'authentication': {'password': 'hobolink', 'token': 'ebf2c17beabc692f6bf4192ed64c3f32f0358f68', 'user': 'marega77'}, 'query': 'OPER_c01'}

2021-12-16 09:15:03,459 :: ERROR :: Requete incorrecte.
	Requete: {'authentication': {'password': 'hobolink', 'token': 'ebf2c17beabc692f6bf4192ed64c3f32f0358f68', 'user': 'marega77'}, 'query': 'OPER_C23'}

2021-12-16 09:18:18,801 :: ERROR :: Requete incorrecte.
	Requete: {'authentication': {'password': 'hobolink', 'token': 'ebf2c17beabc692f6bf4192ed64c3f32f0358f68', 'user': 'marega77'}, 'query': 'OPER_C48'}

2021-12-16 09:18:44,015 :: ERROR :: Requete incorrecte.
	Requete: {'authentication': {'password': 'hobolink', 'token': 'ebf2c17beabc692f6bf4192ed64c3f32f0358f68', 'user': 'marega77'}, 'query': 'OPER_C53'}

2021-12-16 09:18:58,268 :: ERROR :: Requete incorrecte.
	Requete: {'authentication': {'password': 'hobolink', 'token': 'ebf2c17beabc692f6bf4192ed64c3f32f0358f68', 'user': 'marega77'}, 'query': 'OPER_C56'}

2021-12-16 09:20:56,663 :: ERROR :: Requete incorrecte.
	Requete: {'authentication': {'password': 'hobolink', 'token': 'ebf2c17beabc692f6bf4192ed64c3f32f0358f68', 'user': 'marega77'}, 'query': 'OPER_C72'}

2021-12-16 15:32:24,808 :: ERROR :: Requete incorrecte.
	Requete: {'authentication': {'password': 'hobolink', 'token': 'ebf2c17beabc692f6bf4192ed64c3f32f0358f68', 'user': 'marega77'}, 'query': 'OPER_C23'}

2021-12-16 15:35:33,226 :: ERROR :: Requete incorrecte.
	Requete: {'authentication': {'password': 'hobolink', 'token': 'ebf2c17beabc692f6bf4192ed64c3f32f0358f68', 'user': 'marega77'}, 'query': 'OPER_C48'}

2021-12-16 15:35:53,784 :: ERROR :: Requete incorrecte.
	Requete: {'authentication': {'password': 'hobolink', 'token': 'ebf2c17beabc692f6bf4192ed64c3f32f0358f68', 'user': 'marega77'}, 'query': 'OPER_C53'}

2021-12-16 15:36:07,853 :: ERROR :: Requete incorrecte.
	Requete: {'authentication': {'password': 'hobolink', 'token': 'ebf2c17beabc692f6bf4192ed64c3f32f0358f68', 'user': 'marega77'}, 'query': 'OPER_C56'}

2021-12-16 15:36:28,784 :: ERROR :: Requete incorrecte.
	Requete: {'authentication': {'password': 'hobolink', 'token': 'ebf2c17beabc692f6bf4192ed64c3f32f0358f68', 'user': 'marega77'}, 'query': 'OPER_C60'}

2021-12-16 15:38:28,540 :: ERROR :: Requete incorrecte.
	Requete: {'authentication': {'password': 'hobolink', 'token': 'ebf2c17beabc692f6bf4192ed64c3f32f0358f68', 'user': 'marega77'}, 'query': 'OPER_C72'}

2021-12-17 10:21:47,096 :: ERROR :: Requete incorrecte.
	Requete: {'authentication': {'password': 'hobolink', 'token': 'ebf2c17beabc692f6bf4192ed64c3f32f0358f68', 'user': 'marega77'}, 'query': 'OPER_C23'}

2021-12-17 10:23:29,197 :: ERROR :: Requete incorrecte.
	Requete: {'authentication': {'password': 'hobolink', 'token': 'ebf2c17beabc692f6bf4192ed64c3f32f0358f68', 'user': 'marega77'}, 'query': 'OPER_C35'}

2021-12-17 10:24:42,980 :: ERROR :: Requete incorrecte.
	Requete: {'authentication': {'password': 'hobolink', 'token': 'ebf2c17beabc692f6bf4192ed64c3f32f0358f68', 'user': 'marega77'}, 'query': 'OPER_C48'}

2021-12-17 10:25:03,372 :: ERROR :: Requete incorrecte.
	Requete: {'authentication': {'password': 'hobolink', 'token': 'ebf2c17beabc692f6bf4192ed64c3f32f0358f68', 'user': 'marega77'}, 'query': 'OPER_C53'}

2021-12-17 10:25:17,265 :: ERROR :: Requete incorrecte.
	Requete: {'authentication': {'password': 'hobolink', 'token': 'ebf2c17beabc692f6bf4192ed64c3f32f0358f68', 'user': 'marega77'}, 'query': 'OPER_C56'}

2021-12-17 10:25:45,141 :: ERROR :: Requete incorrecte.
	Requete: {'authentication': {'password': 'hobolink', 'token': 'ebf2c17beabc692f6bf4192ed64c3f32f0358f68', 'user': 'marega77'}, 'query': 'OPER_C60'}

2021-12-17 10:27:06,233 :: ERROR :: Requete incorrecte.
	Requete: {'authentication': {'password': 'hobolink', 'token': 'ebf2c17beabc692f6bf4192ed64c3f32f0358f68', 'user': 'marega77'}, 'query': 'OPER_C72'}

2021-12-17 14:43:47,989 :: ERROR :: Requete incorrecte.
	Requete: {'authentication': {'password': 'hobolink', 'token': 'ebf2c17beabc692f6bf4192ed64c3f32f0358f68', 'user': 'marega77'}, 'query': 'OPER_C23'}

2021-12-17 14:45:03,924 :: ERROR :: Requete incorrecte.
	Requete: {'authentication': {'password': 'hobolink', 'token': 'ebf2c17beabc692f6bf4192ed64c3f32f0358f68', 'user': 'marega77'}, 'query': 'OPER_C35'}

2021-12-17 14:46:10,066 :: ERROR :: Requete incorrecte.
	Requete: {'authentication': {'password': 'hobolink', 'token': 'ebf2c17beabc692f6bf4192ed64c3f32f0358f68', 'user': 'marega77'}, 'query': 'OPER_C48'}

2021-12-17 14:46:57,706 :: ERROR :: Requete incorrecte.
	Requete: {'authentication': {'password': 'hobolink', 'token': 'ebf2c17beabc692f6bf4192ed64c3f32f0358f68', 'user': 'marega77'}, 'query': 'OPER_C56'}

2021-12-17 14:47:18,165 :: ERROR :: Requete incorrecte.
	Requete: {'authentication': {'password': 'hobolink', 'token': 'ebf2c17beabc692f6bf4192ed64c3f32f0358f68', 'user': 'marega77'}, 'query': 'OPER_C60'}

2021-12-17 14:48:24,333 :: ERROR :: Requete incorrecte.
	Requete: {'authentication': {'password': 'hobolink', 'token': 'ebf2c17beabc692f6bf4192ed64c3f32f0358f68', 'user': 'marega77'}, 'query': 'OPER_C72'}

